Using pre-set license
Built from '2021.1/staging' branch; Version is '2021.1.5f1 (3737af19df53) revision 3618735'; Using compiler version '192528614'; Build Type 'Release'
OS: 'Windows 10 Pro; OS build 19042.928; Version 2009; 64bit' Language: 'es' Physical Memory: 4002 MB
BatchMode: 1, IsHumanControllingUs: 0, StartBugReporterOnCrash: 0, Is64bit: 1, IsPro: 0

 COMMAND LINE ARGUMENTS:
C:\Program Files\Unity\Hub\Editor\2021.1.5f1\Editor\Unity.exe
-adb2
-batchMode
-noUpm
-name
AssetImportWorker14
-projectPath
C:/Users/Admin/Desktop/Videojuego/Unity Hub/Edskiller The videogame
-logFile
Logs/AssetImportWorker14.log
-srvPort
62720
Successfully changed project path to: C:/Users/Admin/Desktop/Videojuego/Unity Hub/Edskiller The videogame
C:/Users/Admin/Desktop/Videojuego/Unity Hub/Edskiller The videogame
Using Asset Import Pipeline V2.
Refreshing native plugins compatible for Editor in 77.98 ms, found 1 plugins.
Preloading 0 native plugins for Editor in 0.00 ms.
Initialize engine version: 2021.1.5f1 (3737af19df53)
[Subsystems] Discovering subsystems at path C:/Program Files/Unity/Hub/Editor/2021.1.5f1/Editor/Data/Resources/UnitySubsystems
[Subsystems] Discovering subsystems at path C:/Users/Admin/Desktop/Videojuego/Unity Hub/Edskiller The videogame/Assets
GfxDevice: creating device client; threaded=0; jobified=0
Direct3D:
    Version:  Direct3D 11.0 [level 10.1]
    Renderer: Intel(R) HD Graphics 3000 (ID=0x116)
    Vendor:   Intel
    VRAM:     128 MB
    Driver:   9.17.10.4459
Initialize mono
Mono path[0] = 'C:/Program Files/Unity/Hub/Editor/2021.1.5f1/Editor/Data/Managed'
Mono path[1] = 'C:/Program Files/Unity/Hub/Editor/2021.1.5f1/Editor/Data/MonoBleedingEdge/lib/mono/unityjit'
Mono config path = 'C:/Program Files/Unity/Hub/Editor/2021.1.5f1/Editor/Data/MonoBleedingEdge/etc'
Using monoOptions --debugger-agent=transport=dt_socket,embedding=1,server=y,suspend=n,address=127.0.0.1:56280
Begin MonoManager ReloadAssembly
Registering precompiled unity dll's ...
Register platform support module: C:/Program Files/Unity/Hub/Editor/2021.1.5f1/Editor/Data/PlaybackEngines/WindowsStandaloneSupport/UnityEditor.WindowsStandalone.Extensions.dll
Registered in 0.003140 seconds.
Native extension for WindowsStandalone target not found
Refreshing native plugins compatible for Editor in 71.22 ms, found 1 plugins.
Preloading 0 native plugins for Editor in 0.00 ms.
Mono: successfully reloaded assembly
- Completed reload, in  2.001 seconds
Platform modules already initialized, skipping
Registering precompiled user dll's ...
Registered in 0.001486 seconds.
Begin MonoManager ReloadAssembly
Native extension for WindowsStandalone target not found
Refreshing native plugins compatible for Editor in 69.68 ms, found 1 plugins.
Preloading 0 native plugins for Editor in 0.00 ms.
Mono: successfully reloaded assembly
- Completed reload, in  3.020 seconds
Platform modules already initialized, skipping
========================================================================
Worker process is ready to serve import requests
Launched and connected shader compiler UnityShaderCompiler.exe after 0.97 seconds
Refreshing native plugins compatible for Editor in 0.61 ms, found 1 plugins.
Preloading 0 native plugins for Editor in 0.00 ms.
Unloading 2132 Unused Serialized files (Serialized files now loaded: 0)
System memory in use before: 98.3 MB.
System memory in use after: 98.3 MB.

Unloading 26 unused Assets to reduce memory usage. Loaded Objects now: 2594.
Total: 3.800300 ms (FindLiveObjects: 0.220300 ms CreateObjectMapping: 0.114000 ms MarkObjects: 3.287700 ms  DeleteObjects: 0.176300 ms)

========================================================================
Received Import Request.
  path: Assets/Scenes/PlayerControls.inputactions
  artifactKey: Guid(afe39cb60f432104ba6f90915c4a609e) Importer(815301076,1909f56bfc062723c751e8b465ee728b)
Start importing Assets/Scenes/PlayerControls.inputactions using Guid(afe39cb60f432104ba6f90915c4a609e) Importer(815301076,1909f56bfc062723c751e8b465ee728b)  -> (artifact id: 'b5690eee514333bee024c5b3a98b7e36') in 0.295965 seconds 
========================================================================
Received Import Request.
  Time since last request: 0.001193 seconds.
  path: Assets/Scenes/Script/Movimiento.cs
  artifactKey: Guid(1efb48c233f5b0844bb47efeead6c2a3) Importer(815301076,1909f56bfc062723c751e8b465ee728b)
Start importing Assets/Scenes/Script/Movimiento.cs using Guid(1efb48c233f5b0844bb47efeead6c2a3) Importer(815301076,1909f56bfc062723c751e8b465ee728b)  -> (artifact id: 'aa6945b174237608ad9d302d64c7f079') in 0.051476 seconds 
AssetImportWorkerClient::OnTransportError - code=2 error=End of file
